#! /c/Source/iverilog-install/bin/vvp
:ivl_version "12.0 (devel)" "(s20150603-1110-g18392a46)";
:ivl_delay_selection "TYPICAL";
:vpi_time_precision + 0;
:vpi_module "C:\iverilog\lib\ivl\system.vpi";
:vpi_module "C:\iverilog\lib\ivl\vhdl_sys.vpi";
:vpi_module "C:\iverilog\lib\ivl\vhdl_textio.vpi";
:vpi_module "C:\iverilog\lib\ivl\v2005_math.vpi";
:vpi_module "C:\iverilog\lib\ivl\va_math.vpi";
S_00000234fe64bdf0 .scope module, "tb" "tb" 2 1;
 .timescale 0 0;
v00000234fe5f9770_0 .var/i "i", 31 0;
v00000234fe612f80 .array/i "intA", 0 9, 31 0;
v00000234fe5f9810 .array/i "intA1", 0 9, 31 0;
    .scope S_00000234fe64bdf0;
T_0 ;
    %pushi/vec4 0, 0, 32;
    %store/vec4 v00000234fe5f9770_0, 0, 32;
T_0.0 ;
    %load/vec4 v00000234fe5f9770_0;
    %cmpi/s 10, 0, 32;
    %jmp/0xz T_0.1, 5;
    %vpi_func 2 9 "$urandom_range" 32, 32'sb00000000000000000000000000101000, 32'sb00000000000000000000000000111100 {0 0 0};
    %ix/getv/s 4, v00000234fe5f9770_0;
    %store/vec4a v00000234fe5f9810, 4, 0;
    ; show_stmt_assign_vector: Get l-value for compressed += operand
    %load/vec4 v00000234fe5f9770_0;
    %pushi/vec4 1, 0, 32;
    %add;
    %store/vec4 v00000234fe5f9770_0, 0, 32;
    %jmp T_0.0;
T_0.1 ;
    %pushi/vec4 0, 0, 32;
    %store/vec4 v00000234fe5f9770_0, 0, 32;
T_0.2 ;
    %load/vec4 v00000234fe5f9770_0;
    %cmpi/s 10, 0, 32;
    %jmp/0xz T_0.3, 5;
    %vpi_call 2 15 "$display", "intA1[%0d]=%0d", v00000234fe5f9770_0, &A<v00000234fe5f9810, v00000234fe5f9770_0 > {0 0 0};
    ; show_stmt_assign_vector: Get l-value for compressed += operand
    %load/vec4 v00000234fe5f9770_0;
    %pushi/vec4 1, 0, 32;
    %add;
    %store/vec4 v00000234fe5f9770_0, 0, 32;
    %jmp T_0.2;
T_0.3 ;
    %pushi/vec4 0, 0, 32;
    %store/vec4 v00000234fe5f9770_0, 0, 32;
T_0.4 ;
    %load/vec4 v00000234fe5f9770_0;
    %cmpi/s 10, 0, 32;
    %jmp/0xz T_0.5, 5;
    %ix/getv/s 4, v00000234fe5f9770_0;
    %load/vec4a v00000234fe5f9810, 4;
    %ix/getv/s 4, v00000234fe5f9770_0;
    %store/vec4a v00000234fe612f80, 4, 0;
    ; show_stmt_assign_vector: Get l-value for compressed += operand
    %load/vec4 v00000234fe5f9770_0;
    %pushi/vec4 1, 0, 32;
    %add;
    %store/vec4 v00000234fe5f9770_0, 0, 32;
    %jmp T_0.4;
T_0.5 ;
    %pushi/vec4 0, 0, 32;
    %store/vec4 v00000234fe5f9770_0, 0, 32;
T_0.6 ;
    %load/vec4 v00000234fe5f9770_0;
    %cmpi/s 10, 0, 32;
    %jmp/0xz T_0.7, 5;
    %vpi_call 2 24 "$display", "intA[%0d]=%0d", v00000234fe5f9770_0, &A<v00000234fe612f80, v00000234fe5f9770_0 > {0 0 0};
    ; show_stmt_assign_vector: Get l-value for compressed += operand
    %load/vec4 v00000234fe5f9770_0;
    %pushi/vec4 1, 0, 32;
    %add;
    %store/vec4 v00000234fe5f9770_0, 0, 32;
    %jmp T_0.6;
T_0.7 ;
    %pushi/vec4 0, 0, 32;
    %store/vec4 v00000234fe5f9770_0, 0, 32;
T_0.8 ;
    %load/vec4 v00000234fe5f9770_0;
    %cmpi/s 10, 0, 32;
    %jmp/0xz T_0.9, 5;
    %ix/getv/s 4, v00000234fe5f9770_0;
    %load/vec4a v00000234fe612f80, 4;
    %ix/getv/s 4, v00000234fe5f9770_0;
    %load/vec4a v00000234fe5f9810, 4;
    %cmp/e;
    %jmp/0xz  T_0.10, 4;
    %vpi_call 2 31 "$display", "compare passed for index=%0d", v00000234fe5f9770_0 {0 0 0};
    %jmp T_0.11;
T_0.10 ;
    %vpi_call 2 34 "$display", "compare FAILED for index=%0d", v00000234fe5f9770_0 {0 0 0};
T_0.11 ;
    ; show_stmt_assign_vector: Get l-value for compressed += operand
    %load/vec4 v00000234fe5f9770_0;
    %pushi/vec4 1, 0, 32;
    %add;
    %store/vec4 v00000234fe5f9770_0, 0, 32;
    %jmp T_0.8;
T_0.9 ;
    %pushi/vec4 0, 0, 32;
    %store/vec4 v00000234fe5f9770_0, 0, 32;
T_0.12 ;
    %load/vec4 v00000234fe5f9770_0;
    %cmpi/s 10, 0, 32;
    %jmp/0xz T_0.13, 5;
    %ix/getv/s 4, v00000234fe5f9770_0;
    %load/vec4a v00000234fe612f80, 4;
    %addi 1, 0, 32;
    %ix/getv/s 4, v00000234fe5f9770_0;
    %store/vec4a v00000234fe612f80, 4, 0;
    ; show_stmt_assign_vector: Get l-value for compressed += operand
    %load/vec4 v00000234fe5f9770_0;
    %pushi/vec4 1, 0, 32;
    %add;
    %store/vec4 v00000234fe5f9770_0, 0, 32;
    %jmp T_0.12;
T_0.13 ;
    %pushi/vec4 0, 0, 32;
    %store/vec4 v00000234fe5f9770_0, 0, 32;
T_0.14 ;
    %load/vec4 v00000234fe5f9770_0;
    %cmpi/s 10, 0, 32;
    %jmp/0xz T_0.15, 5;
    %ix/getv/s 4, v00000234fe5f9770_0;
    %load/vec4a v00000234fe612f80, 4;
    %ix/getv/s 4, v00000234fe5f9770_0;
    %load/vec4a v00000234fe5f9810, 4;
    %cmp/e;
    %jmp/0xz  T_0.16, 4;
    %vpi_call 2 45 "$display", "compare passed for index=%0d", v00000234fe5f9770_0 {0 0 0};
    %jmp T_0.17;
T_0.16 ;
    %vpi_call 2 48 "$display", "compare FAILED for index=%0d", v00000234fe5f9770_0 {0 0 0};
T_0.17 ;
    ; show_stmt_assign_vector: Get l-value for compressed += operand
    %load/vec4 v00000234fe5f9770_0;
    %pushi/vec4 1, 0, 32;
    %add;
    %store/vec4 v00000234fe5f9770_0, 0, 32;
    %jmp T_0.14;
T_0.15 ;
    %end;
    .thread T_0;
# The file index is used to find the file name in the following table.
:file_names 3;
    "N/A";
    "<interactive>";
    "array.v";
